{
  "stats": {
    "suites": 1,
    "tests": 4,
    "passes": 4,
    "pending": 0,
    "failures": 0,
    "start": "2023-11-12T14:23:26.892Z",
    "end": "2023-11-12T14:23:37.438Z",
    "duration": 10546,
    "testsRegistered": 4,
    "passPercent": 100,
    "pendingPercent": 0,
    "other": 0,
    "hasOther": false,
    "skipped": 0,
    "hasSkipped": false
  },
  "results": [
    {
      "uuid": "818b3786-28f3-43a7-8372-13b250e8372e",
      "title": "",
      "fullFile": "cypress\\e2e\\Full_test.cy.js",
      "file": "cypress\\e2e\\Full_test.cy.js",
      "beforeHooks": [],
      "afterHooks": [],
      "tests": [],
      "suites": [
        {
          "uuid": "ae889b4f-f24b-41a9-b969-369e94867ccf",
          "title": "Full test",
          "fullFile": "",
          "file": "",
          "beforeHooks": [],
          "afterHooks": [],
          "tests": [
            {
              "title": "Add new task",
              "fullTitle": "Full test Add new task",
              "timedOut": null,
              "duration": 1851,
              "state": "passed",
              "speed": "fast",
              "pass": true,
              "fail": false,
              "pending": false,
              "context": null,
              "code": "createTaskPage.assertGoToTaskLine();\ncreateTaskPage.assertContainsOneTask();",
              "err": {},
              "uuid": "e1957d97-2716-41d1-8713-1151c9d6d11d",
              "parentUUID": "ae889b4f-f24b-41a9-b969-369e94867ccf",
              "isHook": false,
              "skipped": false
            },
            {
              "title": "Mark task as completed",
              "fullTitle": "Full test Mark task as completed",
              "timedOut": null,
              "duration": 1311,
              "state": "passed",
              "speed": "fast",
              "pass": true,
              "fail": false,
              "pending": false,
              "context": null,
              "code": "createTaskPage.clickButtonDone();\ncreateTaskPage.buttonClearCompleted();\ncreateTaskPage.assertConteinsZeroTask();",
              "err": {},
              "uuid": "a73fc2ff-f792-474e-9e7a-b1293bc5778e",
              "parentUUID": "ae889b4f-f24b-41a9-b969-369e94867ccf",
              "isHook": false,
              "skipped": false
            },
            {
              "title": "Delete task",
              "fullTitle": "Full test Delete task",
              "timedOut": null,
              "duration": 1562,
              "state": "passed",
              "speed": "fast",
              "pass": true,
              "fail": false,
              "pending": false,
              "context": null,
              "code": "createTaskPage.clickButtonDelite();\ncreateTaskPage.notContainsFirstTask();\ncreateTaskPage.assertNotContainsZeroTask();",
              "err": {},
              "uuid": "5a67fdf7-ede9-47bf-a754-d94e39b32d06",
              "parentUUID": "ae889b4f-f24b-41a9-b969-369e94867ccf",
              "isHook": false,
              "skipped": false
            },
            {
              "title": "Check task filtering",
              "fullTitle": "Full test Check task filtering",
              "timedOut": null,
              "duration": 2197,
              "state": "passed",
              "speed": "fast",
              "pass": true,
              "fail": false,
              "pending": false,
              "context": null,
              "code": "createTaskPage.goToInputLine2();\ncreateTaskPage.goToInputLine3();\ncreateTaskPage.clickButtonDone2();\ncreateTaskPage.clickButtonActive();\ncreateTaskPage.firstLineIsVisible();\ncreateTaskPage.secondLineIsVisible();\ncreateTaskPage.assertContainsSecondTask();\ncreateTaskPage.buttonCompleted();\ncreateTaskPage.firstLineIsVisible();\ncreateTaskPage.buttonClearCompleted();",
              "err": {},
              "uuid": "93b43b52-f596-4f7f-8ee9-a0e0c293d46f",
              "parentUUID": "ae889b4f-f24b-41a9-b969-369e94867ccf",
              "isHook": false,
              "skipped": false
            }
          ],
          "suites": [],
          "passes": [
            "e1957d97-2716-41d1-8713-1151c9d6d11d",
            "a73fc2ff-f792-474e-9e7a-b1293bc5778e",
            "5a67fdf7-ede9-47bf-a754-d94e39b32d06",
            "93b43b52-f596-4f7f-8ee9-a0e0c293d46f"
          ],
          "failures": [],
          "pending": [],
          "skipped": [],
          "duration": 6921,
          "root": false,
          "rootEmpty": false,
          "_timeout": 2000
        }
      ],
      "passes": [],
      "failures": [],
      "pending": [],
      "skipped": [],
      "duration": 0,
      "root": true,
      "rootEmpty": true,
      "_timeout": 2000
    }
  ],
  "meta": {
    "mocha": {
      "version": "7.0.1"
    },
    "mochawesome": {
      "options": {
        "quiet": false,
        "reportFilename": "mochawesome",
        "saveHtml": false,
        "saveJson": true,
        "consoleReporter": "spec",
        "useInlineDiffs": false,
        "code": true
      },
      "version": "7.1.3"
    },
    "marge": {
      "options": {
        "reportDir": "cypress/reports",
        "overwrite": false,
        "html": false,
        "json": true
      },
      "version": "6.2.0"
    }
  }
}